This is pdfTeX, Version 3.141592653-2.6-1.40.25 (TeX Live 2023/Arch Linux) (preloaded format=pdflatex 2023.5.19)  9 JUL 2023 23:43
entering extended mode
 \write18 enabled.
 file:line:error style messages enabled.
 %&-line parsing enabled.
**/home/adame/Documents/git/gp-visual-tool/docs/paper/template.tex
(/home/adame/Documents/git/gp-visual-tool/docs/paper/template.tex
LaTeX2e <2022-11-01> patch level 1
L3 programming layer <2023-02-22> (./vgtc.cls
Document Class: vgtc 2006/05/21 IEEE VGTC
(/usr/share/texmf-dist/tex/generic/iftex/ifpdf.sty
Package: ifpdf 2019/10/25 v3.4 ifpdf legacy package. Use iftex instead.
 (/usr/share/texmf-dist/tex/generic/iftex/iftex.sty
Package: iftex 2022/02/03 v1.0f TeX engine tests
)) (/usr/share/texmf-dist/tex/latex/base/article.cls
Document Class: article 2022/07/02 v1.4n Standard LaTeX document class
(/usr/share/texmf-dist/tex/latex/base/size10.clo
File: size10.clo 2022/07/02 v1.4n Standard LaTeX file (size option)
)
\c@part=\count185
\c@section=\count186
\c@subsection=\count187
\c@subsubsection=\count188
\c@paragraph=\count189
\c@subparagraph=\count190
\c@figure=\count191
\c@table=\count192
\abovecaptionskip=\skip48
\belowcaptionskip=\skip49
\bibindent=\dimen140
)
\captionmargin=\skip50
\bibindent=\dimen141
\bibspacing=\dimen142
\titlespace=\skip51
\teaserspace=\skip52
\abstxtspace=\skip53
\vgtc@copyrightlength=\skip54
) (/usr/share/texmf-dist/tex/latex/graphics/graphicx.sty
Package: graphicx 2021/09/16 v1.2d Enhanced LaTeX Graphics (DPC,SPQR)
 (/usr/share/texmf-dist/tex/latex/graphics/keyval.sty
Package: keyval 2022/05/29 v1.15 key=value parser (DPC)
\KV@toks@=\toks16
) (/usr/share/texmf-dist/tex/latex/graphics/graphics.sty
Package: graphics 2022/03/10 v1.4e Standard LaTeX Graphics (DPC,SPQR)
 (/usr/share/texmf-dist/tex/latex/graphics/trig.sty
Package: trig 2021/08/11 v1.11 sin cos tan (DPC)
) (/usr/share/texmf-dist/tex/latex/graphics-cfg/graphics.cfg
File: graphics.cfg 2016/06/04 v1.11 sample graphics configuration
)
Package graphics Info: Driver file: pdftex.def on input line 107.
 (/usr/share/texmf-dist/tex/latex/graphics-def/pdftex.def
File: pdftex.def 2022/09/22 v1.2b Graphics/color driver for pdftex
))
\Gin@req@height=\dimen143
\Gin@req@width=\dimen144
) (/usr/share/texmf-dist/tex/latex/microtype/microtype.sty
Package: microtype 2023/03/13 v3.1a Micro-typographical refinements (RS)
 (/usr/share/texmf-dist/tex/latex/etoolbox/etoolbox.sty
Package: etoolbox 2020/10/05 v2.5k e-TeX tools for LaTeX (JAW)
\etb@tempcnta=\count193
)
\MT@toks=\toks17
\MT@tempbox=\box51
\MT@count=\count194
LaTeX Info: Redefining \noprotrusionifhmode on input line 1059.
LaTeX Info: Redefining \leftprotrusion on input line 1060.
\MT@prot@toks=\toks18
LaTeX Info: Redefining \rightprotrusion on input line 1078.
LaTeX Info: Redefining \textls on input line 1368.
\MT@outer@kern=\dimen145
LaTeX Info: Redefining \textmicrotypecontext on input line 1988.
\MT@listname@count=\count195
 (/usr/share/texmf-dist/tex/latex/microtype/microtype-pdftex.def
File: microtype-pdftex.def 2023/03/13 v3.1a Definitions specific to pdftex (RS)
LaTeX Info: Redefining \lsstyle on input line 902.
LaTeX Info: Redefining \lslig on input line 902.
\MT@outer@space=\skip55
)
Package microtype Info: Loading configuration file microtype.cfg.
 (/usr/share/texmf-dist/tex/latex/microtype/microtype.cfg
File: microtype.cfg 2023/03/13 v3.1a microtype main configuration file (RS)
)) (/usr/share/texmf-dist/tex/latex/base/textcomp.sty
Package: textcomp 2020/02/02 v2.0n Standard LaTeX package
) (/usr/share/texmf-dist/tex/latex/psnfss/mathptmx.sty
Package: mathptmx 2020/03/25 PSNFSS-v9.3 Times w/ Math, improved (SPQR, WaS) 
LaTeX Font Info:    Redeclaring symbol font `operators' on input line 28.
LaTeX Font Info:    Overwriting symbol font `operators' in version `normal'
(Font)                  OT1/cmr/m/n --> OT1/ztmcm/m/n on input line 28.
LaTeX Font Info:    Overwriting symbol font `operators' in version `bold'
(Font)                  OT1/cmr/bx/n --> OT1/ztmcm/m/n on input line 28.
LaTeX Font Info:    Redeclaring symbol font `letters' on input line 29.
LaTeX Font Info:    Overwriting symbol font `letters' in version `normal'
(Font)                  OML/cmm/m/it --> OML/ztmcm/m/it on input line 29.
LaTeX Font Info:    Overwriting symbol font `letters' in version `bold'
(Font)                  OML/cmm/b/it --> OML/ztmcm/m/it on input line 29.
LaTeX Font Info:    Redeclaring symbol font `symbols' on input line 30.
LaTeX Font Info:    Overwriting symbol font `symbols' in version `normal'
(Font)                  OMS/cmsy/m/n --> OMS/ztmcm/m/n on input line 30.
LaTeX Font Info:    Overwriting symbol font `symbols' in version `bold'
(Font)                  OMS/cmsy/b/n --> OMS/ztmcm/m/n on input line 30.
LaTeX Font Info:    Redeclaring symbol font `largesymbols' on input line 31.
LaTeX Font Info:    Overwriting symbol font `largesymbols' in version `normal'
(Font)                  OMX/cmex/m/n --> OMX/ztmcm/m/n on input line 31.
LaTeX Font Info:    Overwriting symbol font `largesymbols' in version `bold'
(Font)                  OMX/cmex/m/n --> OMX/ztmcm/m/n on input line 31.
\symbold=\mathgroup4
\symitalic=\mathgroup5
LaTeX Font Info:    Redeclaring math alphabet \mathbf on input line 34.
LaTeX Font Info:    Overwriting math alphabet `\mathbf' in version `normal'
(Font)                  OT1/cmr/bx/n --> OT1/ptm/bx/n on input line 34.
LaTeX Font Info:    Overwriting math alphabet `\mathbf' in version `bold'
(Font)                  OT1/cmr/bx/n --> OT1/ptm/bx/n on input line 34.
LaTeX Font Info:    Redeclaring math alphabet \mathit on input line 35.
LaTeX Font Info:    Overwriting math alphabet `\mathit' in version `normal'
(Font)                  OT1/cmr/m/it --> OT1/ptm/m/it on input line 35.
LaTeX Font Info:    Overwriting math alphabet `\mathit' in version `bold'
(Font)                  OT1/cmr/bx/it --> OT1/ptm/m/it on input line 35.
LaTeX Info: Redefining \hbar on input line 50.
) (/usr/share/texmf-dist/tex/latex/psnfss/times.sty
Package: times 2020/03/25 PSNFSS-v9.3 (SPQR) 
) (/usr/share/texmf-dist/tex/latex/cite/cite.sty
LaTeX Info: Redefining \cite on input line 302.
LaTeX Info: Redefining \nocite on input line 332.
Package: cite 2015/02/27  v 5.5
) (/usr/share/texmf-dist/tex/latex/tabu/tabu.sty
Package: tabu 2019/01/11 v2.9 - flexible LaTeX tabulars (FC+tabu-fixed)
 (/usr/share/texmf-dist/tex/latex/tools/array.sty
Package: array 2022/09/04 v2.5g Tabular extension package (FMi)
\col@sep=\dimen146
\ar@mcellbox=\box52
\extrarowheight=\dimen147
\NC@list=\toks19
\extratabsurround=\skip56
\backup@length=\skip57
\ar@cellbox=\box53
) (/usr/share/texmf-dist/tex/latex/varwidth/varwidth.sty
Package: varwidth 2009/03/30 ver 0.92;  Variable-width minipages
\@vwid@box=\box54
\sift@deathcycles=\count196
\@vwid@loff=\dimen148
\@vwid@roff=\dimen149
)
\c@taburow=\count197
\tabu@nbcols=\count198
\tabu@cnt=\count199
\tabu@Xcol=\count266
\tabu@alloc=\count267
\tabu@nested=\count268
\tabu@target=\dimen150
\tabu@spreadtarget=\dimen151
\tabu@naturalX=\dimen152
\tabucolX=\dimen153
\tabu@Xsum=\dimen154
\extrarowdepth=\dimen155
\abovetabulinesep=\dimen156
\belowtabulinesep=\dimen157
\tabustrutrule=\dimen158
\tabu@thebody=\toks20
\tabu@footnotes=\toks21
\tabu@box=\box55
\tabu@arstrutbox=\box56
\tabu@hleads=\box57
\tabu@vleads=\box58
\tabu@cellskip=\skip58
) (/usr/share/texmf-dist/tex/latex/booktabs/booktabs.sty
Package: booktabs 2020/01/12 v1.61803398 Publication quality tables
\heavyrulewidth=\dimen159
\lightrulewidth=\dimen160
\cmidrulewidth=\dimen161
\belowrulesep=\dimen162
\belowbottomsep=\dimen163
\aboverulesep=\dimen164
\abovetopsep=\dimen165
\cmidrulesep=\dimen166
\cmidrulekern=\dimen167
\defaultaddspace=\dimen168
\@cmidla=\count269
\@cmidlb=\count270
\@aboverulesep=\dimen169
\@belowrulesep=\dimen170
\@thisruleclass=\count271
\@lastruleclass=\count272
\@thisrulewidth=\dimen171
) (/usr/share/texmf-dist/tex/latex/doublestroke/dsfont.sty
Package: dsfont 1995/08/01 v0.1 Double stroke roman fonts
) (/usr/share/texmf-dist/tex/latex/psnfss/mathpazo.sty
Package: mathpazo 2020/03/25 PSNFSS-v9.3 Palatino w/ Pazo Math (D.Puga, WaS) 
\symupright=\mathgroup6
) (/usr/share/texmf-dist/tex/latex/float/float.sty
Package: float 2001/11/08 v1.3d Float enhancements (AL)
\c@float@type=\count273
\float@exts=\toks22
\float@box=\box59
\@float@everytoks=\toks23
\@floatcapt=\box60
) (/usr/share/texmf-dist/tex/latex/subfigure/subfigure.sty
Package: subfigure 2002/03/15 v2.1.5 subfigure package
\subfigtopskip=\skip59
\subfigcapskip=\skip60
\subfigcaptopadj=\dimen172
\subfigbottomskip=\skip61
\subfigcapmargin=\dimen173
\subfiglabelskip=\skip62
\c@subfigure=\count274
\c@lofdepth=\count275
\c@subtable=\count276
\c@lotdepth=\count277

****************************************
* Local config file subfigure.cfg used *
****************************************
(/usr/share/texmf-dist/tex/latex/subfigure/subfigure.cfg)
\subfig@top=\skip63
\subfig@bottom=\skip64
) (../presentation/commands.tex) (/usr/share/texmf-dist/tex/latex/hyperref/hyperref.sty
Package: hyperref 2023-02-07 v7.00v Hypertext links for LaTeX
 (/usr/share/texmf-dist/tex/generic/ltxcmds/ltxcmds.sty
Package: ltxcmds 2020-05-10 v1.25 LaTeX kernel commands for general use (HO)
) (/usr/share/texmf-dist/tex/generic/pdftexcmds/pdftexcmds.sty
Package: pdftexcmds 2020-06-27 v0.33 Utility functions of pdfTeX for LuaTeX (HO)
 (/usr/share/texmf-dist/tex/generic/infwarerr/infwarerr.sty
Package: infwarerr 2019/12/03 v1.5 Providing info/warning/error messages (HO)
)
Package pdftexcmds Info: \pdf@primitive is available.
Package pdftexcmds Info: \pdf@ifprimitive is available.
Package pdftexcmds Info: \pdfdraftmode found.
) (/usr/share/texmf-dist/tex/latex/kvsetkeys/kvsetkeys.sty
Package: kvsetkeys 2022-10-05 v1.19 Key value parser (HO)
) (/usr/share/texmf-dist/tex/generic/kvdefinekeys/kvdefinekeys.sty
Package: kvdefinekeys 2019-12-19 v1.6 Define keys (HO)
) (/usr/share/texmf-dist/tex/generic/pdfescape/pdfescape.sty
Package: pdfescape 2019/12/09 v1.15 Implements pdfTeX's escape features (HO)
) (/usr/share/texmf-dist/tex/latex/hycolor/hycolor.sty
Package: hycolor 2020-01-27 v1.10 Color options for hyperref/bookmark (HO)
) (/usr/share/texmf-dist/tex/latex/letltxmacro/letltxmacro.sty
Package: letltxmacro 2019/12/03 v1.6 Let assignment for LaTeX macros (HO)
) (/usr/share/texmf-dist/tex/latex/auxhook/auxhook.sty
Package: auxhook 2019-12-17 v1.6 Hooks for auxiliary files (HO)
) (/usr/share/texmf-dist/tex/latex/hyperref/nameref.sty
Package: nameref 2022-05-17 v2.50 Cross-referencing by name of section
 (/usr/share/texmf-dist/tex/latex/refcount/refcount.sty
Package: refcount 2019/12/15 v3.6 Data extraction from label references (HO)
) (/usr/share/texmf-dist/tex/generic/gettitlestring/gettitlestring.sty
Package: gettitlestring 2019/12/15 v1.6 Cleanup title references (HO)
 (/usr/share/texmf-dist/tex/latex/kvoptions/kvoptions.sty
Package: kvoptions 2022-06-15 v3.15 Key value format for package options (HO)
))
\c@section@level=\count278
)
\@linkdim=\dimen174
\Hy@linkcounter=\count279
\Hy@pagecounter=\count280
 (/usr/share/texmf-dist/tex/latex/hyperref/pd1enc.def
File: pd1enc.def 2023-02-07 v7.00v Hyperref: PDFDocEncoding definition (HO)
Now handling font encoding PD1 ...
... no UTF-8 mapping file for font encoding PD1
) (/usr/share/texmf-dist/tex/generic/intcalc/intcalc.sty
Package: intcalc 2019/12/15 v1.3 Expandable calculations with integers (HO)
) (/usr/share/texmf-dist/tex/generic/etexcmds/etexcmds.sty
Package: etexcmds 2019/12/15 v1.7 Avoid name clashes with e-TeX commands (HO)
)
\Hy@SavedSpaceFactor=\count281
 (/usr/share/texmf-dist/tex/latex/hyperref/puenc.def
File: puenc.def 2023-02-07 v7.00v Hyperref: PDF Unicode definition (HO)
Now handling font encoding PU ...
... no UTF-8 mapping file for font encoding PU
)
Package hyperref Info: Hyper figures OFF on input line 4177.
Package hyperref Info: Link nesting OFF on input line 4182.
Package hyperref Info: Hyper index ON on input line 4185.
Package hyperref Info: Plain pages OFF on input line 4192.
Package hyperref Info: Backreferencing OFF on input line 4197.
Package hyperref Info: Implicit mode ON; LaTeX internals redefined.
Package hyperref Info: Bookmarks ON on input line 4425.
\c@Hy@tempcnt=\count282
 (/usr/share/texmf-dist/tex/latex/url/url.sty
\Urlmuskip=\muskip16
Package: url 2013/09/16  ver 3.4  Verb mode for urls, etc.
)
LaTeX Info: Redefining \url on input line 4763.
\XeTeXLinkMargin=\dimen175
 (/usr/share/texmf-dist/tex/generic/bitset/bitset.sty
Package: bitset 2019/12/09 v1.3 Handle bit-vector datatype (HO)
 (/usr/share/texmf-dist/tex/generic/bigintcalc/bigintcalc.sty
Package: bigintcalc 2019/12/15 v1.5 Expandable calculations on big integers (HO)
))
\Fld@menulength=\count283
\Field@Width=\dimen176
\Fld@charsize=\dimen177
Package hyperref Info: Hyper figures OFF on input line 6042.
Package hyperref Info: Link nesting OFF on input line 6047.
Package hyperref Info: Hyper index ON on input line 6050.
Package hyperref Info: backreferencing OFF on input line 6057.
Package hyperref Info: Link coloring OFF on input line 6062.
Package hyperref Info: Link coloring with OCG OFF on input line 6067.
Package hyperref Info: PDF/A mode OFF on input line 6072.
 (/usr/share/texmf-dist/tex/latex/base/atbegshi-ltx.sty
Package: atbegshi-ltx 2021/01/10 v1.0c Emulation of the original atbegshi
package with kernel methods
)
\Hy@abspage=\count284
\c@Item=\count285
\c@Hfootnote=\count286
)
Package hyperref Info: Driver (autodetected): hpdftex.
 (/usr/share/texmf-dist/tex/latex/hyperref/hpdftex.def
File: hpdftex.def 2023-02-07 v7.00v Hyperref driver for pdfTeX
 (/usr/share/texmf-dist/tex/latex/base/atveryend-ltx.sty
Package: atveryend-ltx 2020/08/19 v1.0a Emulation of the original atveryend package
with kernel methods
)
\Fld@listcount=\count287
\c@bookmark@seq@number=\count288
 (/usr/share/texmf-dist/tex/latex/rerunfilecheck/rerunfilecheck.sty
Package: rerunfilecheck 2022-07-10 v1.10 Rerun checks for auxiliary files (HO)
 (/usr/share/texmf-dist/tex/generic/uniquecounter/uniquecounter.sty
Package: uniquecounter 2019/12/15 v1.4 Provide unlimited unique counter (HO)
)
Package uniquecounter Info: New unique counter `rerunfilecheck' on input line 285.
)
\Hy@SectionHShift=\skip65
)

Package hyperref Warning: Option `pdftex' has already been used,
(hyperref)                setting the option has no effect on input line 139.


Package hyperref Warning: Option `pagebackref' has already been used,
(hyperref)                setting the option has no effect on input line 139.

Package hyperref Info: Option `pageanchor' set `true' on input line 139.
Package hyperref Info: Option `plainpages' set `false' on input line 139.
Package hyperref Info: Option `hypertexnames' set `false' on input line 139.

Package hyperref Warning: Option `bookmarks' has already been used,
(hyperref)                setting the option has no effect on input line 139.

Package hyperref Info: Option `bookmarksnumbered' set `false' on input line 139.
Package hyperref Info: Option `bookmarksopen' set `true' on input line 139.
Package hyperref Info: Option `breaklinks' set `true' on input line 139.
Package hyperref Info: Option `colorlinks' set `false' on input line 139.
Package hyperref Info: Option `nesting' set `true' on input line 139.
Package hyperref Info: Option `linktocpage' set `true' on input line 139.
(/usr/share/texmf-dist/tex/latex/tools/multicol.sty
Package: multicol 2021/11/30 v1.9d multicolumn formatting (FMi)
\c@tracingmulticols=\count289
\mult@box=\box61
\multicol@leftmargin=\dimen178
\c@unbalance=\count290
\c@collectmore=\count291
\doublecol@number=\count292
\multicoltolerance=\count293
\multicolpretolerance=\count294
\full@width=\dimen179
\page@free=\dimen180
\premulticols=\dimen181
\postmulticols=\dimen182
\multicolsep=\skip66
\multicolbaselineskip=\skip67
\partial@page=\box62
\last@line=\box63
\maxbalancingoverflow=\dimen183
\mult@rightbox=\box64
\mult@grightbox=\box65
\mult@firstbox=\box66
\mult@gfirstbox=\box67
\@tempa=\box68
\@tempa=\box69
\@tempa=\box70
\@tempa=\box71
\@tempa=\box72
\@tempa=\box73
\@tempa=\box74
\@tempa=\box75
\@tempa=\box76
\@tempa=\box77
\@tempa=\box78
\@tempa=\box79
\@tempa=\box80
\@tempa=\box81
\@tempa=\box82
\@tempa=\box83
\@tempa=\box84
\@tempa=\box85
\@tempa=\box86
\@tempa=\box87
\@tempa=\box88
\@tempa=\box89
\@tempa=\box90
\@tempa=\box91
\@tempa=\box92
\@tempa=\box93
\@tempa=\box94
\@tempa=\box95
\@tempa=\box96
\@tempa=\box97
\@tempa=\box98
\@tempa=\box99
\@tempa=\box100
\@tempa=\box101
\@tempa=\box102
\@tempa=\box103
\c@minrows=\count295
\c@columnbadness=\count296
\c@finalcolumnbadness=\count297
\last@try=\dimen184
\multicolovershoot=\dimen185
\multicolundershoot=\dimen186
\mult@nat@firstbox=\box104
\colbreak@box=\box105
\mc@col@check@num=\count298
)
LaTeX Font Info:    Trying to load font information for OT1+ptm on input line 147.
 (/usr/share/texmf-dist/tex/latex/psnfss/ot1ptm.fd
File: ot1ptm.fd 2001/06/04 font definitions for OT1/ptm.
) (/usr/share/texmf-dist/tex/latex/l3backend/l3backend-pdftex.def
File: l3backend-pdftex.def 2023-01-16 L3 backend support: PDF output (pdfTeX)
\l__color_backend_stack_int=\count299
\l__pdf_internal_box=\box106
) (./template.aux)
\openout1 = `template.aux'.

LaTeX Font Info:    Checking defaults for OML/cmm/m/it on input line 147.
LaTeX Font Info:    ... okay on input line 147.
LaTeX Font Info:    Checking defaults for OMS/cmsy/m/n on input line 147.
LaTeX Font Info:    ... okay on input line 147.
LaTeX Font Info:    Checking defaults for OT1/cmr/m/n on input line 147.
LaTeX Font Info:    ... okay on input line 147.
LaTeX Font Info:    Checking defaults for T1/cmr/m/n on input line 147.
LaTeX Font Info:    ... okay on input line 147.
LaTeX Font Info:    Checking defaults for TS1/cmr/m/n on input line 147.
LaTeX Font Info:    ... okay on input line 147.
LaTeX Font Info:    Checking defaults for OMX/cmex/m/n on input line 147.
LaTeX Font Info:    ... okay on input line 147.
LaTeX Font Info:    Checking defaults for U/cmr/m/n on input line 147.
LaTeX Font Info:    ... okay on input line 147.
LaTeX Font Info:    Checking defaults for PD1/pdf/m/n on input line 147.
LaTeX Font Info:    ... okay on input line 147.
LaTeX Font Info:    Checking defaults for PU/pdf/m/n on input line 147.
LaTeX Font Info:    ... okay on input line 147.
 (/usr/share/texmf-dist/tex/context/base/mkii/supp-pdf.mkii
[Loading MPS to PDF converter (version 2006.09.02).]
\scratchcounter=\count300
\scratchdimen=\dimen187
\scratchbox=\box107
\nofMPsegments=\count301
\nofMParguments=\count302
\everyMPshowfont=\toks24
\MPscratchCnt=\count303
\MPscratchDim=\dimen188
\MPnumerator=\count304
\makeMPintoPDFobject=\count305
\everyMPtoPDFconversion=\toks25
) (/usr/share/texmf-dist/tex/latex/epstopdf-pkg/epstopdf-base.sty
Package: epstopdf-base 2020-01-24 v2.11 Base part for package epstopdf
Package epstopdf-base Info: Redefining graphics rule for `.eps' on input line 485.
 (/usr/share/texmf-dist/tex/latex/latexconfig/epstopdf-sys.cfg
File: epstopdf-sys.cfg 2010/07/13 v1.3 Configuration of (r)epstopdf for TeX Live
))
LaTeX Info: Redefining \microtypecontext on input line 147.
Package microtype Info: Applying patch `item' on input line 147.
Package microtype Info: Applying patch `toc' on input line 147.
Package microtype Info: Applying patch `eqnum' on input line 147.
Package microtype Info: Applying patch `footnote' on input line 147.
Package microtype Info: Applying patch `verbatim' on input line 147.
Package microtype Info: Generating PDF output.
Package microtype Info: Character protrusion enabled (level 2).
Package microtype Info: Using default protrusion set `alltext'.
Package microtype Info: Automatic font expansion enabled (level 2),
(microtype)             stretch: 20, shrink: 20, step: 1, non-selected.
Package microtype Info: Using default expansion set `alltext-nott'.
LaTeX Info: Redefining \showhyphens on input line 147.
Package microtype Info: No adjustment of tracking.
Package microtype Info: No adjustment of interword spacing.
Package microtype Info: No adjustment of character kerning.
 (/usr/share/texmf-dist/tex/latex/microtype/mt-ptm.cfg
File: mt-ptm.cfg 2006/04/20 v1.7 microtype config. file: Times (RS)
)
\big@size=\dimen189
\big@size=\dimen190
Package hyperref Info: Link coloring OFF on input line 147.
 (./template.out) (./template.out)
\@outlinefile=\write3
\openout3 = `template.out'.

LaTeX Font Info:    Trying to load font information for OT1+phv on input line 156.
 (/usr/share/texmf-dist/tex/latex/psnfss/ot1phv.fd
File: ot1phv.fd 2020/03/25 scalable font definitions for OT1/phv.
)
Package microtype Info: Loading generic protrusion settings for font family
(microtype)             `phv' (encoding: OT1).
(microtype)             For optimal results, create family-specific settings.
(microtype)             See the microtype manual for details.
LaTeX Font Info:    Trying to load font information for OT1+ppl on input line 156.
 (/usr/share/texmf-dist/tex/latex/psnfss/ot1ppl.fd
File: ot1ppl.fd 2001/06/04 font definitions for OT1/ppl.
) (/usr/share/texmf-dist/tex/latex/microtype/mt-ppl.cfg
File: mt-ppl.cfg 2005/11/16 v1.6 microtype config. file: Palatino (RS)
)
LaTeX Font Info:    Trying to load font information for OML+zplm on input line 156.
 (/usr/share/texmf-dist/tex/latex/psnfss/omlzplm.fd
File: omlzplm.fd 2002/09/08 Fontinst v1.914 font definitions for OML/zplm.
)
LaTeX Font Info:    Trying to load font information for OMS+zplm on input line 156.
 (/usr/share/texmf-dist/tex/latex/psnfss/omszplm.fd
File: omszplm.fd 2002/09/08 Fontinst v1.914 font definitions for OMS/zplm.
)
LaTeX Font Info:    Trying to load font information for OMX+zplm on input line 156.
 (/usr/share/texmf-dist/tex/latex/psnfss/omxzplm.fd
File: omxzplm.fd 2002/09/08 Fontinst v1.914 font definitions for OMX/zplm.
)
LaTeX Font Info:    Font shape `OT1/ptm/bx/n' in size <10> not available
(Font)              Font shape `OT1/ptm/b/n' tried instead on input line 156.
LaTeX Font Info:    Font shape `OT1/ptm/bx/n' in size <7.6> not available
(Font)              Font shape `OT1/ptm/b/n' tried instead on input line 156.
LaTeX Font Info:    Font shape `OT1/ptm/bx/n' in size <6> not available
(Font)              Font shape `OT1/ptm/b/n' tried instead on input line 156.
LaTeX Font Info:    Trying to load font information for OT1+zplm on input line 156.
 (/usr/share/texmf-dist/tex/latex/psnfss/ot1zplm.fd
File: ot1zplm.fd 2002/09/08 Fontinst v1.914 font definitions for OT1/zplm.
)
Package microtype Info: Loading generic protrusion settings for font family
(microtype)             `zplm' (encoding: OT1).
(microtype)             For optimal results, create family-specific settings.
(microtype)             See the microtype manual for details.
\abstractwidth=\skip68
<../imgs/overall.png, id=120, 1927.2pt x 956.57375pt>
File: ../imgs/overall.png Graphic file (type png)
<use ../imgs/overall.png>
Package pdftex.def Info: ../imgs/overall.png  used on input line 156.
(pdftex.def)             Requested size: 467.22528pt x 231.90317pt.
<diamondrule.pdf, id=122, 213.79875pt x 12.045pt>
File: diamondrule.pdf Graphic file (type pdf)
<use diamondrule.pdf>
Package pdftex.def Info: diamondrule.pdf  used on input line 156.
(pdftex.def)             Requested size: 213.79822pt x 12.04495pt.
LaTeX Font Info:    Font shape `OT1/ptm/bx/n' in size <8> not available
(Font)              Font shape `OT1/ptm/b/n' tried instead on input line 156.
LaTeX Font Info:    Font shape `OT1/ptm/bx/n' in size <5> not available
(Font)              Font shape `OT1/ptm/b/n' tried instead on input line 156.
LaTeX Font Info:    Trying to load font information for TS1+ptm on input line 156.
 (/usr/share/texmf-dist/tex/latex/psnfss/ts1ptm.fd
File: ts1ptm.fd 2001/06/04 font definitions for TS1/ptm.
)
LaTeX Font Info:    Font shape `OT1/ptm/bx/n' in size <9> not available
(Font)              Font shape `OT1/ptm/b/n' tried instead on input line 167.
LaTeX Font Info:    Font shape `OT1/ptm/bx/n' in size <7> not available
(Font)              Font shape `OT1/ptm/b/n' tried instead on input line 167.

Overfull \vbox (2.32803pt too high) has occurred while \output is active []

 [1{/var/lib/texmf/fonts/map/pdftex/updmap/pdftex.map}{/usr/share/texmf-dist/fonts/enc/dvips/base/8r.enc}


 <../imgs/overall.png> <./diamondrule.pdf>]
Underfull \hbox (badness 10000) in paragraph at lines 239--240
[]\OT1/ptm/m/n/9 (+20) where $\OML/zplm/m/it/9 ^^V \OT1/zplm/m/n/9 = \OML/zplm/m/it/9 K\OT1/zplm/m/n/9 (\OML/zplm/m/it/9 X\OT1/ppl/m/n/9 , \OML/zplm/m/it/9 X\OT1/zplm/m/n/9 )\OML/zplm/m/it/9 K\OT1/zplm/m/n/9 (\OML/zplm/m/it/9 X\OT1/ppl/m/n/9 , \OML/zplm/m/it/9 X\OT1/zplm/m/n/9 )[]\OML/zplm/m/it/9 y$ \OT1/ptm/m/n/9 (+20) and $\OT1/zplm/m/n/9 ^^F = \OML/zplm/m/it/9 K\OT1/zplm/m/n/9 (\OML/zplm/m/it/9 X\OT1/ppl/m/n/9 , \OML/zplm/m/it/9 X\OT1/zplm/m/n/9 ) \OMS/zplm/m/n/9 ^^@
 []

[2]
Overfull \vbox (2.32803pt too high) has occurred while \output is active []

 [3]
<../imgs/observing.png, id=174, 908.39375pt x 655.44875pt>
File: ../imgs/observing.png Graphic file (type png)
<use ../imgs/observing.png>
Package pdftex.def Info: ../imgs/observing.png  used on input line 329.
(pdftex.def)             Requested size: 102.98317pt x 74.29987pt.
<../imgs/observed.png, id=175, 913.4125pt x 684.5575pt>
File: ../imgs/observed.png Graphic file (type png)
<use ../imgs/observed.png>
Package pdftex.def Info: ../imgs/observed.png  used on input line 330.
(pdftex.def)             Requested size: 97.83676pt x 73.31691pt.
<../imgs/kernel-1.png, id=176, 488.82625pt x 654.445pt>
File: ../imgs/kernel-1.png Graphic file (type png)
<use ../imgs/kernel-1.png>
Package pdftex.def Info: ../imgs/kernel-1.png  used on input line 355.
(pdftex.def)             Requested size: 102.98317pt x 137.8669pt.
<../imgs/kernel-2.png, id=177, 486.81876pt x 722.7pt>
File: ../imgs/kernel-2.png Graphic file (type png)
<use ../imgs/kernel-2.png>
Package pdftex.def Info: ../imgs/kernel-2.png  used on input line 356.
(pdftex.def)             Requested size: 92.6825pt x 137.5901pt.
<../imgs/simulation.png, id=178, 482.80376pt x 638.385pt>
File: ../imgs/simulation.png Graphic file (type png)
<use ../imgs/simulation.png>
Package pdftex.def Info: ../imgs/simulation.png  used on input line 377.
(pdftex.def)             Requested size: 154.47868pt x 204.25813pt.
LaTeX Font Info:    Trying to load font information for OT1+txtt on input line 401.
 (/usr/share/texmf-dist/tex/latex/txfonts/ot1txtt.fd
File: ot1txtt.fd 2000/12/15 v3.1
)
Package microtype Info: Loading generic protrusion settings for font family
(microtype)             `txtt' (encoding: OT1).
(microtype)             For optimal results, create family-specific settings.
(microtype)             See the microtype manual for details.

Underfull \hbox (badness 1303) in paragraph at lines 401--402
\OT1/ptm/m/n/9 (+20) Tool can be found on GitHub. The tool can be run lo-cally
 []

[4 <../imgs/observing.png> <../imgs/observed.png> <../imgs/kernel-1.png> <../imgs/kernel-2.png> <../imgs/simulation.png>] (./template.bbl)
Overfull \vbox (2.32803pt too high) has occurred while \output is active []

 [5] (./template.aux)
Package rerunfilecheck Info: File `template.out' has not changed.
(rerunfilecheck)             Checksum: 7932E1E17EBB5D67A8ACA346C01E7882;5333.
 ) 
Here is how much of TeX's memory you used:
 12959 strings out of 476025
 203540 string characters out of 5796532
 1877388 words of memory out of 5000000
 32813 multiletter control sequences out of 15000+600000
 572843 words of font info for 318 fonts, out of 8000000 for 9000
 1141 hyphenation exceptions out of 8191
 76i,8n,76p,1057b,527s stack positions out of 5000i,500n,10000p,200000b,80000s
</usr/share/texmf-dist/fonts/type1/public/amsfonts/cm/cmex10.pfb></usr/share/texmf-dist/fonts/type1/public/amsfonts/cm/cmr10.pfb></usr/share/texmf-dist/fonts/type1/public/amsfonts/cm/cmsy10.pfb></usr/share/texmf-dist/fonts/type1/public/mathpazo/fplmr.pfb></usr/share/texmf-dist/fonts/type1/public/mathpazo/fplmri.pfb></usr/share/texmf-dist/fonts/type1/public/txfonts/txtt.pfb></usr/share/texmf-dist/fonts/type1/urw/helvetic/uhvb8a.pfb></usr/share/texmf-dist/fonts/type1/urw/helvetic/uhvr8a.pfb></usr/share/texmf-dist/fonts/type1/urw/palatino/uplr8a.pfb></usr/share/texmf-dist/fonts/type1/urw/palatino/uplri8a.pfb></usr/share/texmf-dist/fonts/type1/urw/times/utmb8a.pfb></usr/share/texmf-dist/fonts/type1/urw/times/utmr8a.pfb></usr/share/texmf-dist/fonts/type1/urw/times/utmri8a.pfb>
Output written on template.pdf (5 pages, 373243 bytes).
PDF statistics:
 273 PDF objects out of 1000 (max. 8388607)
 224 compressed objects within 3 object streams
 55 named destinations out of 1000 (max. 500000)
 85772 words of extra memory for PDF output out of 89155 (max. 10000000)

