\BOOKMARK [1][]{section.2}{\376\377\000I\000n\000t\000r\000o\000d\000u\000c\000t\000i\000o\000n}{}% 1
\BOOKMARK [2][]{subsection.4}{\376\377\000O\000b\000j\000e\000c\000t\000i\000v\000e\000s\000\040\000a\000n\000d\000\040\000S\000c\000o\000p\000e\000\040\000o\000f\000\040\000t\000h\000e\000\040\000T\000o\000o\000l}{section.2}% 2
\BOOKMARK [2][]{subsection.5}{\376\377\000O\000v\000e\000r\000v\000i\000e\000w\000\040\000o\000f\000\040\000t\000h\000e\000\040\000T\000e\000c\000h\000n\000o\000l\000o\000g\000i\000e\000s\000\040\000U\000s\000e\000d}{section.2}% 3
\BOOKMARK [1][]{section.6}{\376\377\000B\000a\000c\000k\000g\000r\000o\000u\000n\000d}{}% 4
\BOOKMARK [2][]{subsection.7}{\376\377\000G\000a\000u\000s\000s\000i\000a\000n\000\040\000P\000r\000o\000c\000e\000s\000s\000e\000s}{section.6}% 5
\BOOKMARK [2][]{subsection.8}{\376\377\000G\000a\000u\000s\000s\000i\000a\000n\000\040\000P\000r\000o\000c\000e\000s\000s\000e\000s\000\040\000f\000o\000r\000\040\000R\000e\000g\000r\000e\000s\000s\000i\000o\000n}{section.6}% 6
\BOOKMARK [2][]{subsection.13}{\376\377\000K\000e\000r\000n\000e\000l\000s\000\040\000f\000o\000r\000\040\000G\000a\000u\000s\000s\000i\000a\000n\000\040\000P\000r\000o\000c\000e\000s\000s\000e\000s}{section.6}% 7
\BOOKMARK [2][]{subsection.14}{\376\377\000L\000i\000m\000i\000t\000a\000t\000i\000o\000n\000s\000\040\000o\000f\000\040\000G\000a\000u\000s\000s\000i\000a\000n\000\040\000P\000r\000o\000c\000e\000s\000s\000e\000s}{section.6}% 8
\BOOKMARK [1][]{section.15}{\376\377\000M\000e\000t\000h\000o\000d\000o\000l\000o\000g\000y}{}% 9
\BOOKMARK [2][]{subsection.16}{\376\377\000G\000a\000u\000s\000s\000i\000a\000n\000\040\000P\000r\000o\000c\000e\000s\000s\000e\000s\000\040\000\050\000G\000P\000\051\000\040\000a\000n\000d\000\040\000T\000h\000e\000i\000r\000\040\000A\000p\000p\000l\000i\000c\000a\000t\000i\000o\000n}{section.15}% 10
\BOOKMARK [2][]{subsection.17}{\376\377\000D\0003\000.\000j\000s\000:\000\040\000D\000a\000t\000a\000\040\000V\000i\000s\000u\000a\000l\000i\000z\000a\000t\000i\000o\000n\000\040\000L\000i\000b\000r\000a\000r\000y}{section.15}% 11
\BOOKMARK [2][]{subsection.18}{\376\377\000S\000v\000e\000l\000t\000e\000:\000\040\000R\000e\000a\000c\000t\000i\000v\000e\000\040\000W\000e\000b\000\040\000F\000r\000a\000m\000e\000w\000o\000r\000k}{section.15}% 12
\BOOKMARK [2][]{subsection.19}{\376\377\000F\000l\000a\000s\000k\000:\000\040\000W\000e\000b\000\040\000F\000r\000a\000m\000e\000w\000o\000r\000k\000\040\000f\000o\000r\000\040\000P\000y\000t\000h\000o\000n}{section.15}% 13
\BOOKMARK [2][]{subsection.20}{\376\377\000G\000P\000y\000T\000o\000r\000c\000h\000:\000\040\000G\000a\000u\000s\000s\000i\000a\000n\000\040\000P\000r\000o\000c\000e\000s\000s\000\040\000L\000i\000b\000r\000a\000r\000y\000\040\000f\000o\000r\000\040\000D\000e\000e\000p\000\040\000L\000e\000a\000r\000n\000i\000n\000g}{section.15}% 14
\BOOKMARK [2][]{subsection.21}{\376\377\000I\000n\000t\000e\000g\000r\000a\000t\000i\000o\000n\000\040\000o\000f\000\040\000t\000h\000e\000\040\000T\000e\000c\000h\000n\000o\000l\000o\000g\000i\000e\000s}{section.15}% 15
\BOOKMARK [1][]{section.22}{\376\377\000R\000e\000l\000a\000t\000e\000d\000\040\000W\000o\000r\000k}{}% 16
\BOOKMARK [2][]{subsection.23}{\376\377\000G\000a\000u\000s\000s\000i\000a\000n\000\040\000P\000r\000o\000c\000e\000s\000s\000e\000s\000\040\000V\000i\000s\000u\000a\000l\000i\000z\000a\000t\000i\000o\000n}{section.22}% 17
\BOOKMARK [1][]{section.24}{\376\377\000F\000e\000a\000t\000u\000r\000e\000s\000\040\000a\000n\000d\000\040\000F\000u\000n\000c\000t\000i\000o\000n\000a\000l\000i\000t\000y}{}% 18
\BOOKMARK [2][]{subsection.25}{\376\377\000I\000n\000t\000e\000r\000a\000c\000t\000i\000v\000e\000l\000y\000\040\000c\000r\000e\000a\000t\000e\000\040\000n\000e\000w\000\040\000d\000a\000t\000a\000\040\000p\000o\000i\000n\000t\000s}{section.24}% 19
\BOOKMARK [2][]{subsection.27}{\376\377\000C\000h\000o\000o\000s\000e\000\040\000b\000e\000t\000w\000e\000e\000n\000\040\000k\000e\000r\000n\000e\000l\000s}{section.24}% 20
\BOOKMARK [2][]{subsection.29}{\376\377\000S\000e\000t\000t\000i\000n\000g\000\040\000c\000u\000s\000t\000o\000m\000\040\000c\000o\000n\000f\000i\000g\000u\000r\000a\000t\000i\000o\000n\000s\000\040\000t\000o\000\040\000t\000h\000e\000\040\000G\000P}{section.24}% 21
\BOOKMARK [1][]{section.31}{\376\377\000I\000m\000p\000l\000e\000m\000e\000n\000t\000a\000t\000i\000o\000n\000\040\000D\000e\000t\000a\000i\000l\000s}{}% 22
\BOOKMARK [2][]{subsection.32}{\376\377\000F\000r\000o\000n\000t\000e\000n\000d}{section.31}% 23
\BOOKMARK [2][]{subsection.33}{\376\377\000B\000a\000c\000k\000e\000n\000d}{section.31}% 24
\BOOKMARK [2][]{subsection.34}{\376\377\000G\000P\000y\000T\000o\000r\000c\000h}{section.31}% 25
\BOOKMARK [2][]{subsection.35}{\376\377\000R\000u\000n\000n\000i\000n\000g\000\040\000t\000h\000e\000\040\000t\000o\000o\000l}{section.31}% 26
\BOOKMARK [2][]{subsection.36}{\376\377\000U\000s\000e\000r\000\040\000I\000n\000t\000e\000r\000f\000a\000c\000e\000\040\000a\000n\000d\000\040\000U\000s\000e\000r\000\040\000E\000x\000p\000e\000r\000i\000e\000n\000c\000e}{section.31}% 27
\BOOKMARK [1][]{section.37}{\376\377\000C\000o\000n\000c\000l\000u\000s\000i\000o\000n}{}% 28
\BOOKMARK [2][]{subsection.38}{\376\377\000F\000u\000t\000u\000r\000e\000\040\000w\000o\000r\000k}{section.37}% 29
